03/09 14:44:08 EasyPHP EasyPHP Servers starting
03/09 14:44:18 EasyPHP VerifyConfFile : WaitForSingleObject timeout for pid 8096
03/09 14:44:18 EasyPHP Apache ServerBase::Start ScanProcess -> 3916
03/09 14:44:18 EasyPHP CreateProcess "C:\Users\comqls\Desktop\EASYPH~1.1VC\binaries\mysql\bin\eds-mysqld.exe --defaults-file="C:\Users\comqls\Desktop\EASYPH~1.1VC\binaries\mysql\my.ini" --language=english"
03/09 14:44:23 EasyPHP EasyPHP Check version
03/09 14:44:45 EasyPHP ServerBase::TimerProc : GetProcessVersion Apache (pid: 3916) error 87
03/09 14:44:45 EasyPHP Apache  Unexpected end of Apache !
03/09 14:45:38 EasyPHP Apache  Apache port (80) is already used by another application ! Close this application and try to run again the server. To close this application : open <easyphp folder>/binaries/tools/cports/cports.exe, find the line with the port already used in the column "Local Port", right click and choose "Kill Processes Of Selected Ports".
03/09 14:49:39 EasyPHP Apache  Configuration file changed
03/09 14:49:50 EasyPHP Apache CreateProcess "C:\Users\comqls\Desktop\EASYPH~1.1VC\binaries\apache\bin\eds-httpd.exe"
03/09 14:49:51 EasyPHP ServerBase::TimerProc : GetProcessVersion Apache (pid: 5484) error 5
03/09 14:49:51 EasyPHP Apache  Unexpected end of Apache !
03/09 14:49:54 EasyPHP EasyPHP Stop the servers
03/09 14:49:54 EasyPHP MySqlSutdown event = MySQLShutdown8108
03/09 14:49:54 EasyPHP End EasyPHP...
03/09 14:49:59 EasyPHP EasyPHP Servers starting
03/09 14:50:03 EasyPHP Apache CreateProcess "C:\Users\comqls\Desktop\EASYPH~1.1VC\binaries\apache\bin\eds-httpd.exe"
03/09 14:50:03 EasyPHP CreateProcess "C:\Users\comqls\Desktop\EASYPH~1.1VC\binaries\mysql\bin\eds-mysqld.exe --defaults-file="C:\Users\comqls\Desktop\EASYPH~1.1VC\binaries\mysql\my.ini" --language=english"
03/09 14:50:06 EasyPHP ServerBase::TimerProc : GetProcessVersion Apache (pid: 6228) error 5
03/09 14:50:06 EasyPHP Apache  Unexpected end of Apache !
03/09 14:50:08 EasyPHP EasyPHP Check version
03/09 14:50:21 EasyPHP Apache CreateProcess "C:\Users\comqls\Desktop\EASYPH~1.1VC\binaries\apache\bin\eds-httpd.exe"
03/09 14:50:23 EasyPHP ServerBase::TimerProc : GetProcessVersion Apache (pid: 6392) error 5
03/09 14:50:23 EasyPHP Apache  Unexpected end of Apache !
03/09 14:50:32 EasyPHP MySqlSutdown event = MySQLShutdown8104
03/09 14:50:33 EasyPHP ServerBase::TimerProc : GetProcessVersion MySQL (pid: 8104) error 5
03/09 14:51:23 EasyPHP EasyPHP Stop the servers
03/09 14:51:23 EasyPHP End EasyPHP...
03/09 14:51:26 EasyPHP EasyPHP Servers starting
03/09 14:51:36 EasyPHP VerifyConfFile : WaitForSingleObject timeout for pid 5032
03/09 14:51:36 EasyPHP Apache ServerBase::Start ScanProcess -> 2208
03/09 14:51:36 EasyPHP CreateProcess "C:\Users\comqls\Desktop\EASYPH~1.1VC\binaries\mysql\bin\eds-mysqld.exe --defaults-file="C:\Users\comqls\Desktop\EASYPH~1.1VC\binaries\mysql\my.ini" --language=english"
03/09 14:51:39 EasyPHP ServerBase::TimerProc : GetProcessVersion Apache (pid: 2208) error 87
03/09 14:51:39 EasyPHP Apache  Unexpected end of Apache !
03/09 14:51:41 EasyPHP EasyPHP Check version
03/09 14:55:55 EasyPHP MySqlSutdown event = MySQLShutdown6956
03/09 14:55:56 EasyPHP ServerBase::TimerProc : GetProcessVersion MySQL (pid: 6956) error 5
03/09 14:55:58 EasyPHP EasyPHP Stop the servers
03/09 14:55:58 EasyPHP End EasyPHP...
03/09 14:56:03 EasyPHP EasyPHP Servers starting
03/09 14:56:10 EasyPHP Apache CreateProcess "C:\Users\comqls\Desktop\EASYPH~1.1VC\binaries\apache\bin\eds-httpd.exe"
03/09 14:56:10 EasyPHP CreateProcess "C:\Users\comqls\Desktop\EASYPH~1.1VC\binaries\mysql\bin\eds-mysqld.exe --defaults-file="C:\Users\comqls\Desktop\EASYPH~1.1VC\binaries\mysql\my.ini" --language=english"
03/09 14:56:15 EasyPHP EasyPHP Check version
03/09 14:56:39 EasyPHP ServerBase::TimerProc : GetProcessVersion Apache (pid: 6436) error 5
03/09 14:56:39 EasyPHP Apache  Unexpected end of Apache !
03/09 14:56:58 EasyPHP MySqlSutdown event = MySQLShutdown6836
03/09 14:57:00 EasyPHP ServerBase::TimerProc : GetProcessVersion MySQL (pid: 6836) error 5
03/09 14:57:02 EasyPHP EasyPHP Servers starting
03/09 14:57:12 EasyPHP VerifyConfFile : WaitForSingleObject timeout for pid 1580
03/09 14:57:12 EasyPHP Apache ServerBase::Start ScanProcess -> 6216
03/09 14:57:12 EasyPHP CreateProcess "C:\Users\comqls\Desktop\EASYPH~1.1VC\binaries\mysql\bin\eds-mysqld.exe --defaults-file="C:\Users\comqls\Desktop\EASYPH~1.1VC\binaries\mysql\my.ini" --language=english"
03/09 15:02:11 EasyPHP ServerBase::TimerProc : GetProcessVersion Apache (pid: 6216) error 87
03/09 15:02:11 EasyPHP Apache  Unexpected end of Apache !
03/09 15:02:31 EasyPHP MySqlSutdown event = MySQLShutdown5948
03/09 15:02:33 EasyPHP ServerBase::TimerProc : GetProcessVersion MySQL (pid: 5948) error 5
03/09 15:02:35 EasyPHP EasyPHP Stop the servers
03/09 15:02:35 EasyPHP End EasyPHP...
03/09 15:02:50 EasyPHP EasyPHP Servers starting
03/09 15:03:00 EasyPHP Apache CreateProcess "C:\Users\comqls\Desktop\EASYPH~1.1VC\binaries\apache\bin\eds-httpd.exe"
03/09 15:03:00 EasyPHP CreateProcess "C:\Users\comqls\Desktop\EASYPH~1.1VC\binaries\mysql\bin\eds-mysqld.exe --defaults-file="C:\Users\comqls\Desktop\EASYPH~1.1VC\binaries\mysql\my.ini" --language=english"
03/09 15:03:02 EasyPHP ServerBase::TimerProc : GetProcessVersion Apache (pid: 2524) error 5
03/09 15:03:02 EasyPHP Apache  Unexpected end of Apache !
03/09 15:03:05 EasyPHP EasyPHP Check version
03/09 15:07:40 EasyPHP MySqlSutdown event = MySQLShutdown6464
03/09 15:07:42 EasyPHP ServerBase::TimerProc : GetProcessVersion MySQL (pid: 6464) error 5
03/09 15:07:46 EasyPHP EasyPHP Stop the servers
03/09 15:07:46 EasyPHP End EasyPHP...
03/09 15:08:05 EasyPHP EasyPHP Servers starting
03/09 15:08:05 EasyPHP Apache CreateProcess "C:\Users\comqls\Desktop\EASYPH~1.1VC\binaries\apache\bin\eds-httpd.exe"
03/09 15:08:05 EasyPHP CreateProcess "C:\Users\comqls\Desktop\EASYPH~1.1VC\binaries\mysql\bin\eds-mysqld.exe --defaults-file="C:\Users\comqls\Desktop\EASYPH~1.1VC\binaries\mysql\my.ini" --language=english"
03/09 15:08:10 EasyPHP EasyPHP Check version
03/09 15:44:04 EasyPHP EasyPHP Removable drive: Regenerate conf files...
03/09 15:44:04 EasyPHP EasyPHP Servers starting
03/09 15:44:05 EasyPHP Apache CreateProcess "G:\EASYPH~1.1VC\binaries\apache\bin\eds-httpd.exe"
03/09 15:44:05 EasyPHP CreateProcess "G:\EASYPH~1.1VC\binaries\mysql\bin\eds-mysqld.exe --defaults-file="G:\EASYPH~1.1VC\binaries\mysql\my.ini" --language=english"
03/09 15:44:11 EasyPHP EasyPHP Check version
03/09 16:16:04 EasyPHP EasyPHP Stop the servers
03/09 16:16:04 EasyPHP Apache stop event: ap1656_shutdown
03/09 16:16:05 EasyPHP MySqlSutdown event = MySQLShutdown7780
03/09 16:16:07 EasyPHP ServerBase::TimerProc : GetProcessVersion MySQL (pid: 7780) error 5
03/09 16:16:07 EasyPHP ServerBase::TimerProc : GetProcessVersion Apache (pid: 1656) error 5
03/09 16:16:14 EasyPHP EasyPHP Stop the servers
03/09 16:16:14 EasyPHP End EasyPHP...
03/09 16:17:44 EasyPHP EasyPHP Servers starting
03/09 16:17:44 EasyPHP Apache CreateProcess "C:\Users\comqls\Desktop\EASYPH~1.1VC\binaries\apache\bin\eds-httpd.exe"
03/09 16:17:44 EasyPHP CreateProcess "C:\Users\comqls\Desktop\EASYPH~1.1VC\binaries\mysql\bin\eds-mysqld.exe --defaults-file="C:\Users\comqls\Desktop\EASYPH~1.1VC\binaries\mysql\my.ini" --language=english"
03/09 16:17:49 EasyPHP EasyPHP Check version
03/09 17:12:58 EasyPHP EasyPHP Stop the servers
03/09 17:12:58 EasyPHP Apache stop event: ap5660_shutdown
03/09 17:12:59 EasyPHP MySqlSutdown event = MySQLShutdown8036
03/09 17:13:01 EasyPHP ServerBase::TimerProc : GetProcessVersion MySQL (pid: 8036) error 5
03/09 17:13:01 EasyPHP ServerBase::TimerProc : GetProcessVersion Apache (pid: 5660) error 5
03/09 17:13:04 EasyPHP EasyPHP Stop the servers
03/09 17:13:04 EasyPHP End EasyPHP...
03/09 18:22:23 EasyPHP EasyPHP Removable drive: Regenerate conf files...
03/09 18:22:23 EasyPHP EasyPHP Servers starting
03/09 18:22:26 EasyPHP Apache CreateProcess "F:\EASYPH~1.1VC\binaries\apache\bin\eds-httpd.exe"
03/09 18:22:26 EasyPHP CreateProcess "F:\EASYPH~1.1VC\binaries\mysql\bin\eds-mysqld.exe --defaults-file="F:\EASYPH~1.1VC\binaries\mysql\my.ini" --language=english"
03/09 18:22:32 EasyPHP EasyPHP Check version
03/09 18:27:32 EasyPHP EasyPHP Servers starting
03/09 18:27:34 EasyPHP Apache CreateProcess "C:\Users\Helz\Desktop\EASYPH~1.1VC\binaries\apache\bin\eds-httpd.exe"
03/09 18:27:34 EasyPHP CreateProcess "C:\Users\Helz\Desktop\EASYPH~1.1VC\binaries\mysql\bin\eds-mysqld.exe --defaults-file="C:\Users\Helz\Desktop\EASYPH~1.1VC\binaries\mysql\my.ini" --language=english"
03/09 18:27:39 EasyPHP EasyPHP Check version
03/09 18:29:48 EasyPHP EasyPHP Stop the servers
03/09 18:29:48 EasyPHP Apache stop event: ap9972_shutdown
03/09 18:29:48 EasyPHP MySqlSutdown event = MySQLShutdown10896
03/09 18:29:49 EasyPHP ServerBase::TimerProc : GetProcessVersion MySQL (pid: 10896) error 5
03/09 18:29:50 EasyPHP ServerBase::TimerProc : GetProcessVersion Apache (pid: 9972) error 5
03/09 18:29:53 EasyPHP EasyPHP Stop the servers
03/09 18:29:53 EasyPHP End EasyPHP...
03/09 19:18:22 EasyPHP EasyPHP Servers starting
03/09 19:18:22 EasyPHP Apache CreateProcess "C:\Users\Helz\Desktop\EASYPH~1.1VC\binaries\apache\bin\eds-httpd.exe"
03/09 19:18:22 EasyPHP CreateProcess "C:\Users\Helz\Desktop\EASYPH~1.1VC\binaries\mysql\bin\eds-mysqld.exe --defaults-file="C:\Users\Helz\Desktop\EASYPH~1.1VC\binaries\mysql\my.ini" --language=english"
03/09 19:18:27 EasyPHP EasyPHP Check version
03/09 20:48:20 EasyPHP EasyPHP Stop the servers
03/09 20:48:20 EasyPHP Apache stop event: ap10196_shutdown
03/09 20:48:21 EasyPHP MySqlSutdown event = MySQLShutdown8488
03/09 20:48:22 EasyPHP ServerBase::TimerProc : GetProcessVersion MySQL (pid: 8488) error 5
03/09 20:48:22 EasyPHP ServerBase::TimerProc : GetProcessVersion Apache (pid: 10196) error 5
03/09 20:48:26 EasyPHP EasyPHP Stop the servers
03/09 20:48:26 EasyPHP End EasyPHP...
03/09 20:49:56 EasyPHP EasyPHP Servers starting
03/09 20:49:57 EasyPHP Apache CreateProcess "C:\Users\Helz\Desktop\EASYPH~1.1VC\binaries\apache\bin\eds-httpd.exe"
03/09 20:49:57 EasyPHP CreateProcess "C:\Users\Helz\Desktop\EASYPH~1.1VC\binaries\mysql\bin\eds-mysqld.exe --defaults-file="C:\Users\Helz\Desktop\EASYPH~1.1VC\binaries\mysql\my.ini" --language=english"
03/09 20:50:02 EasyPHP EasyPHP Check version
03/09 20:53:45 EasyPHP EasyPHP Stop the servers
03/09 20:53:45 EasyPHP Apache stop event: ap9656_shutdown
03/09 20:53:46 EasyPHP MySqlSutdown event = MySQLShutdown3596
03/09 20:53:47 EasyPHP ServerBase::TimerProc : GetProcessVersion Apache (pid: 9656) error 5
03/09 20:53:49 EasyPHP ServerBase::TimerProc : GetProcessVersion MySQL (pid: 3596) error 5
03/09 20:53:52 EasyPHP EasyPHP Stop the servers
03/09 20:53:52 EasyPHP End EasyPHP...
03/09 20:58:31 EasyPHP EasyPHP Removable drive: Regenerate conf files...
03/09 20:58:31 EasyPHP EasyPHP Servers starting
03/09 20:58:32 EasyPHP Apache CreateProcess "F:\EASYPH~1.1VC\binaries\apache\bin\eds-httpd.exe"
03/09 20:58:32 EasyPHP CreateProcess "F:\EASYPH~1.1VC\binaries\mysql\bin\eds-mysqld.exe --defaults-file="F:\EASYPH~1.1VC\binaries\mysql\my.ini" --language=english"
03/09 20:58:37 EasyPHP EasyPHP Check version
03/09 21:01:07 EasyPHP EasyPHP Stop the servers
03/09 21:01:07 EasyPHP Apache stop event: ap9836_shutdown
03/09 21:01:07 EasyPHP MySqlSutdown event = MySQLShutdown8656
03/09 21:01:09 EasyPHP ServerBase::TimerProc : GetProcessVersion Apache (pid: 9836) error 5
03/09 21:01:12 EasyPHP ServerBase::TimerProc : GetProcessVersion MySQL (pid: 8656) error 5
03/09 21:01:14 EasyPHP EasyPHP Stop the servers
03/09 21:01:14 EasyPHP End EasyPHP...
03/09 21:02:06 EasyPHP EasyPHP Removable drive: Regenerate conf files...
03/09 21:02:06 EasyPHP EasyPHP Servers starting
03/09 21:02:07 EasyPHP Apache CreateProcess "F:\EASYPH~1.1VC\binaries\apache\bin\eds-httpd.exe"
03/09 21:02:07 EasyPHP CreateProcess "F:\EASYPH~1.1VC\binaries\mysql\bin\eds-mysqld.exe --defaults-file="F:\EASYPH~1.1VC\binaries\mysql\my.ini" --language=english"
03/09 21:02:12 EasyPHP EasyPHP Check version
03/09 21:07:19 EasyPHP EasyPHP Stop the servers
03/09 21:07:19 EasyPHP Apache stop event: ap5128_shutdown
03/09 21:07:20 EasyPHP MySqlSutdown event = MySQLShutdown9112
03/09 21:07:23 EasyPHP ServerBase::TimerProc : GetProcessVersion Apache (pid: 5128) error 5
03/09 21:07:25 EasyPHP ServerBase::TimerProc : GetProcessVersion MySQL (pid: 9112) error 5
03/09 21:07:26 EasyPHP EasyPHP Stop the servers
03/09 21:07:26 EasyPHP End EasyPHP...
04/09 12:18:03 EasyPHP EasyPHP Servers starting
04/09 12:18:04 EasyPHP Apache CreateProcess "C:\Users\comqls\Desktop\easyphp\EASYPH~2.1VC\binaries\apache\bin\eds-httpd.exe"
04/09 12:18:04 EasyPHP CreateProcess "C:\Users\comqls\Desktop\easyphp\EASYPH~2.1VC\binaries\mysql\bin\eds-mysqld.exe --defaults-file="C:\Users\comqls\Desktop\easyphp\EASYPH~2.1VC\binaries\mysql\my.ini" --language=english"
04/09 12:18:09 EasyPHP EasyPHP Check version
04/09 14:14:50 EasyPHP EasyPHP Stop the servers
04/09 14:14:50 EasyPHP Apache stop event: ap7604_shutdown
04/09 14:14:51 EasyPHP MySqlSutdown event = MySQLShutdown6924
04/09 14:14:53 EasyPHP ServerBase::TimerProc : GetProcessVersion Apache (pid: 7604) error 5
04/09 14:14:55 EasyPHP ServerBase::TimerProc : GetProcessVersion MySQL (pid: 6924) error 5
04/09 14:14:57 EasyPHP EasyPHP Stop the servers
04/09 14:14:57 EasyPHP End EasyPHP...
04/09 14:18:58 EasyPHP EasyPHP Servers starting
04/09 14:18:59 EasyPHP Apache CreateProcess "C:\Users\comqls\Desktop\easyphp\EASYPH~2.1VC\binaries\apache\bin\eds-httpd.exe"
04/09 14:18:59 EasyPHP CreateProcess "C:\Users\comqls\Desktop\easyphp\EASYPH~2.1VC\binaries\mysql\bin\eds-mysqld.exe --defaults-file="C:\Users\comqls\Desktop\easyphp\EASYPH~2.1VC\binaries\mysql\my.ini" --language=english"
04/09 14:19:04 EasyPHP EasyPHP Check version
06/09 19:57:16 EasyPHP EasyPHP Servers starting
06/09 19:57:19 EasyPHP Apache CreateProcess "C:\Users\Helz\Desktop\EASYPH~2.1VC\binaries\apache\bin\eds-httpd.exe"
06/09 19:57:19 EasyPHP CreateProcess "C:\Users\Helz\Desktop\EASYPH~2.1VC\binaries\mysql\bin\eds-mysqld.exe --defaults-file="C:\Users\Helz\Desktop\EASYPH~2.1VC\binaries\mysql\my.ini" --language=english"
06/09 19:57:24 EasyPHP EasyPHP Check version
07/09 18:42:46 EasyPHP EasyPHP Removable drive: Regenerate conf files...
07/09 18:42:53 EasyPHP EasyPHP Servers starting
07/09 18:43:04 EasyPHP Apache CreateProcess "G:\easyphp\EASYPH~1.1VC\binaries\apache\bin\eds-httpd.exe"
07/09 18:43:04 EasyPHP CreateProcess "G:\easyphp\EASYPH~1.1VC\binaries\mysql\bin\eds-mysqld.exe --defaults-file="G:\easyphp\EASYPH~1.1VC\binaries\mysql\my.ini" --language=english"
07/09 18:43:12 EasyPHP EasyPHP Check version
07/09 18:51:01 EasyPHP EasyPHP Stop the servers
07/09 18:51:01 EasyPHP Apache stop event: ap7300_shutdown
07/09 18:51:02 EasyPHP MySqlSutdown event = MySQLShutdown5996
07/09 18:51:47 EasyPHP ServerBase::TimerProc : GetProcessVersion Apache (pid: 7300) error 5
07/09 18:52:00 EasyPHP EasyPHP Stop the servers
07/09 18:52:04 EasyPHP End EasyPHP...
07/09 18:55:02 EasyPHP EasyPHP Servers starting
07/09 18:55:02 EasyPHP Apache CreateProcess "C:\Users\comqls\Desktop\easyphp\EASYPH~1.1VC\binaries\apache\bin\eds-httpd.exe"
07/09 18:55:02 EasyPHP CreateProcess "C:\Users\comqls\Desktop\easyphp\EASYPH~1.1VC\binaries\mysql\bin\eds-mysqld.exe --defaults-file="C:\Users\comqls\Desktop\easyphp\EASYPH~1.1VC\binaries\mysql\my.ini" --language=english"
07/09 18:55:08 EasyPHP EasyPHP Check version
07/09 20:16:18 EasyPHP EasyPHP Stop the servers
07/09 20:16:18 EasyPHP Apache stop event: ap7936_shutdown
07/09 20:16:19 EasyPHP MySqlSutdown event = MySQLShutdown6540
07/09 20:16:20 EasyPHP ServerBase::TimerProc : GetProcessVersion Apache (pid: 7936) error 5
07/09 20:16:22 EasyPHP EasyPHP Stop the servers
07/09 20:16:22 EasyPHP End EasyPHP...
08/09 15:14:09 EasyPHP EasyPHP Servers starting
08/09 15:14:11 EasyPHP Apache CreateProcess "C:\Users\comqls\Desktop\easyphp\EASYPH~1.1VC\binaries\apache\bin\eds-httpd.exe"
08/09 15:14:11 EasyPHP CreateProcess "C:\Users\comqls\Desktop\easyphp\EASYPH~1.1VC\binaries\mysql\bin\eds-mysqld.exe --defaults-file="C:\Users\comqls\Desktop\easyphp\EASYPH~1.1VC\binaries\mysql\my.ini" --language=english"
08/09 15:14:16 EasyPHP EasyPHP Check version
08/09 16:44:20 EasyPHP EasyPHP Stop the servers
08/09 16:44:20 EasyPHP Apache stop event: ap4256_shutdown
08/09 16:44:21 EasyPHP MySqlSutdown event = MySQLShutdown3124
08/09 16:44:23 EasyPHP EasyPHP Stop the servers
08/09 16:44:23 EasyPHP End EasyPHP...
09/09 12:27:08 EasyPHP EasyPHP Servers starting
09/09 12:27:11 EasyPHP Apache CreateProcess "C:\Users\comqls\Desktop\easyphp\EASYPH~1.1VC\binaries\apache\bin\eds-httpd.exe"
09/09 12:27:11 EasyPHP CreateProcess "C:\Users\comqls\Desktop\easyphp\EASYPH~1.1VC\binaries\mysql\bin\eds-mysqld.exe --defaults-file="C:\Users\comqls\Desktop\easyphp\EASYPH~1.1VC\binaries\mysql\my.ini" --language=english"
09/09 12:27:16 EasyPHP EasyPHP Check version
09/09 13:05:38 EasyPHP EasyPHP Stop the servers
09/09 13:05:38 EasyPHP Apache stop event: ap6860_shutdown
09/09 13:05:38 EasyPHP MySqlSutdown event = MySQLShutdown5924
09/09 13:05:40 EasyPHP ServerBase::TimerProc : GetProcessVersion Apache (pid: 6860) error 5
09/09 13:05:40 EasyPHP EasyPHP Stop the servers
09/09 13:05:40 EasyPHP End EasyPHP...
11/09 13:03:54 EasyPHP EasyPHP Servers starting
11/09 13:04:00 EasyPHP Apache CreateProcess "C:\Users\comqls\Desktop\easyphp\EASYPH~1.1VC\binaries\apache\bin\eds-httpd.exe"
11/09 13:04:00 EasyPHP CreateProcess "C:\Users\comqls\Desktop\easyphp\EASYPH~1.1VC\binaries\mysql\bin\eds-mysqld.exe --defaults-file="C:\Users\comqls\Desktop\easyphp\EASYPH~1.1VC\binaries\mysql\my.ini" --language=english"
11/09 13:04:05 EasyPHP EasyPHP Check version
11/09 13:14:27 EasyPHP EasyPHP Stop the servers
11/09 13:14:27 EasyPHP Apache stop event: ap6936_shutdown
11/09 13:14:28 EasyPHP MySqlSutdown event = MySQLShutdown6196
11/09 13:14:29 EasyPHP ServerBase::TimerProc : GetProcessVersion Apache (pid: 6936) error 5
11/09 13:14:32 EasyPHP ServerBase::TimerProc : GetProcessVersion MySQL (pid: 6196) error 5
11/09 13:14:35 EasyPHP EasyPHP Stop the servers
11/09 13:14:35 EasyPHP End EasyPHP...
24/09 16:06:21 EasyPHP EasyPHP Servers starting
24/09 16:06:24 EasyPHP Apache CreateProcess "C:\Users\comqls\Desktop\easyphp\EASYPH~1.1VC\binaries\apache\bin\eds-httpd.exe"
24/09 16:06:24 EasyPHP CreateProcess "C:\Users\comqls\Desktop\easyphp\EASYPH~1.1VC\binaries\mysql\bin\eds-mysqld.exe --defaults-file="C:\Users\comqls\Desktop\easyphp\EASYPH~1.1VC\binaries\mysql\my.ini" --language=english"
24/09 16:06:29 EasyPHP EasyPHP Check version
24/09 16:33:26 EasyPHP EasyPHP Stop the servers
24/09 16:33:26 EasyPHP Apache stop event: ap6876_shutdown
24/09 16:33:27 EasyPHP MySqlSutdown event = MySQLShutdown4828
24/09 16:33:28 EasyPHP ServerBase::TimerProc : GetProcessVersion Apache (pid: 6876) error 5
24/09 16:33:30 EasyPHP ServerBase::TimerProc : GetProcessVersion MySQL (pid: 4828) error 5
24/09 16:33:31 EasyPHP EasyPHP Stop the servers
24/09 16:33:31 EasyPHP End EasyPHP...
24/09 17:49:33 EasyPHP EasyPHP Servers starting
24/09 17:49:33 EasyPHP Apache CreateProcess "C:\Users\comqls\Desktop\easyphp\EASYPH~1.1VC\binaries\apache\bin\eds-httpd.exe"
24/09 17:49:33 EasyPHP CreateProcess "C:\Users\comqls\Desktop\easyphp\EASYPH~1.1VC\binaries\mysql\bin\eds-mysqld.exe --defaults-file="C:\Users\comqls\Desktop\easyphp\EASYPH~1.1VC\binaries\mysql\my.ini" --language=english"
24/09 17:49:38 EasyPHP EasyPHP Check version
24/09 18:37:38 EasyPHP EasyPHP Stop the servers
24/09 18:37:38 EasyPHP Apache stop event: ap8464_shutdown
24/09 18:37:39 EasyPHP MySqlSutdown event = MySQLShutdown7720
24/09 18:37:40 EasyPHP ServerBase::TimerProc : GetProcessVersion Apache (pid: 8464) error 5
24/09 18:37:42 EasyPHP ServerBase::TimerProc : GetProcessVersion MySQL (pid: 7720) error 5
24/09 18:37:47 EasyPHP EasyPHP Stop the servers
24/09 18:37:47 EasyPHP End EasyPHP...
25/09 15:36:30 EasyPHP EasyPHP Servers starting
25/09 15:36:31 EasyPHP Apache CreateProcess "C:\Users\Helz\Desktop\easyphp\EASYPH~1.1VC\binaries\apache\bin\eds-httpd.exe"
25/09 15:36:31 EasyPHP CreateProcess "C:\Users\Helz\Desktop\easyphp\EASYPH~1.1VC\binaries\mysql\bin\eds-mysqld.exe --defaults-file="C:\Users\Helz\Desktop\easyphp\EASYPH~1.1VC\binaries\mysql\my.ini" --language=english"
25/09 15:36:36 EasyPHP EasyPHP Check version
25/09 22:49:50 EasyPHP EasyPHP Stop the servers
25/09 22:49:50 EasyPHP Apache stop event: ap21472_shutdown
25/09 22:49:51 EasyPHP MySqlSutdown event = MySQLShutdown9140
25/09 22:49:52 EasyPHP ServerBase::TimerProc : GetProcessVersion Apache (pid: 21472) error 5
25/09 22:49:54 EasyPHP ServerBase::TimerProc : GetProcessVersion MySQL (pid: 9140) error 5
25/09 22:49:56 EasyPHP EasyPHP Stop the servers
25/09 22:49:56 EasyPHP End EasyPHP...
26/09 09:52:48 EasyPHP EasyPHP Servers starting
26/09 09:52:52 EasyPHP Apache CreateProcess "C:\Users\Helz\Desktop\easyphp\EASYPH~1.1VC\binaries\apache\bin\eds-httpd.exe"
26/09 09:52:52 EasyPHP CreateProcess "C:\Users\Helz\Desktop\easyphp\EASYPH~1.1VC\binaries\mysql\bin\eds-mysqld.exe --defaults-file="C:\Users\Helz\Desktop\easyphp\EASYPH~1.1VC\binaries\mysql\my.ini" --language=english"
26/09 09:52:57 EasyPHP EasyPHP Check version
26/09 14:50:50 EasyPHP EasyPHP Stop the servers
26/09 14:50:50 EasyPHP Apache stop event: ap972_shutdown
26/09 14:50:51 EasyPHP MySqlSutdown event = MySQLShutdown9964
26/09 14:50:53 EasyPHP ServerBase::TimerProc : GetProcessVersion Apache (pid: 972) error 5
26/09 14:50:54 EasyPHP EasyPHP Stop the servers
26/09 14:50:54 EasyPHP End EasyPHP...
26/09 14:51:08 EasyPHP EasyPHP Servers starting
26/09 14:51:09 EasyPHP Apache CreateProcess "C:\Users\Helz\Desktop\easyphp\EASYPH~1.1VC\binaries\apache\bin\eds-httpd.exe"
26/09 14:51:09 EasyPHP CreateProcess "C:\Users\Helz\Desktop\easyphp\EASYPH~1.1VC\binaries\mysql\bin\eds-mysqld.exe --defaults-file="C:\Users\Helz\Desktop\easyphp\EASYPH~1.1VC\binaries\mysql\my.ini" --language=english"
26/09 14:51:14 EasyPHP EasyPHP Check version
26/09 20:33:07 EasyPHP EasyPHP Stop the servers
26/09 20:33:07 EasyPHP Apache stop event: ap5608_shutdown
26/09 20:33:08 EasyPHP MySqlSutdown event = MySQLShutdown16484
26/09 20:33:10 EasyPHP ServerBase::TimerProc : GetProcessVersion Apache (pid: 5608) error 5
26/09 20:33:12 EasyPHP ServerBase::TimerProc : GetProcessVersion MySQL (pid: 16484) error 5
26/09 20:33:13 EasyPHP EasyPHP Stop the servers
26/09 20:33:13 EasyPHP End EasyPHP...
26/09 20:34:23 EasyPHP EasyPHP Servers starting
26/09 20:34:23 EasyPHP Apache CreateProcess "C:\Users\Helz\Desktop\easyphp\EASYPH~1.1VC\binaries\apache\bin\eds-httpd.exe"
26/09 20:34:23 EasyPHP CreateProcess "C:\Users\Helz\Desktop\easyphp\EASYPH~1.1VC\binaries\mysql\bin\eds-mysqld.exe --defaults-file="C:\Users\Helz\Desktop\easyphp\EASYPH~1.1VC\binaries\mysql\my.ini" --language=english"
26/09 20:34:28 EasyPHP EasyPHP Check version
26/09 20:38:10 EasyPHP EasyPHP Servers are restarting...
26/09 20:38:11 EasyPHP Apache restart event: ap24164_restart
26/09 20:38:11 EasyPHP MySqlSutdown event = MySQLShutdown16180
26/09 20:38:14 EasyPHP ServerBase::TimerProc : GetProcessVersion MySQL (pid: 16180) error 5
26/09 20:38:14 EasyPHP CreateProcess "C:\Users\Helz\Desktop\easyphp\EASYPH~1.1VC\binaries\mysql\bin\eds-mysqld.exe --defaults-file="C:\Users\Helz\Desktop\easyphp\EASYPH~1.1VC\binaries\mysql\my.ini" --language=english"
26/09 20:38:31 EasyPHP EasyPHP Stop the servers
26/09 20:38:31 EasyPHP Apache stop event: ap24164_shutdown
26/09 20:38:31 EasyPHP MySqlSutdown event = MySQLShutdown21640
26/09 20:38:33 EasyPHP ServerBase::TimerProc : GetProcessVersion MySQL (pid: 21640) error 5
26/09 20:38:33 EasyPHP ServerBase::TimerProc : GetProcessVersion Apache (pid: 24164) error 5
26/09 20:40:36 EasyPHP EasyPHP Stop the servers
26/09 20:40:36 EasyPHP End EasyPHP...
27/09 12:06:38 EasyPHP EasyPHP Servers starting
27/09 12:06:39 EasyPHP Apache CreateProcess "C:\Users\Helz\Desktop\easyphp\EASYPH~1.1VC\binaries\apache\bin\eds-httpd.exe"
27/09 12:06:39 EasyPHP CreateProcess "C:\Users\Helz\Desktop\easyphp\EASYPH~1.1VC\binaries\mysql\bin\eds-mysqld.exe --defaults-file="C:\Users\Helz\Desktop\easyphp\EASYPH~1.1VC\binaries\mysql\my.ini" --language=english"
27/09 12:06:44 EasyPHP EasyPHP Check version
27/09 18:57:11 EasyPHP EasyPHP Stop the servers
27/09 18:57:11 EasyPHP Apache stop event: ap1388_shutdown
27/09 18:57:12 EasyPHP MySqlSutdown event = MySQLShutdown9752
27/09 18:57:13 EasyPHP ServerBase::TimerProc : GetProcessVersion Apache (pid: 1388) error 5
27/09 18:57:16 EasyPHP ServerBase::TimerProc : GetProcessVersion MySQL (pid: 9752) error 5
27/09 19:24:12 EasyPHP EasyPHP Stop the servers
27/09 19:24:12 EasyPHP End EasyPHP...
28/09 13:17:58 EasyPHP EasyPHP Removable drive: Regenerate conf files...
28/09 13:18:06 EasyPHP EasyPHP Servers starting
28/09 13:18:21 EasyPHP Apache CreateProcess "G:\easyphp\EASYPH~1.1VC\binaries\apache\bin\eds-httpd.exe"
28/09 13:18:21 EasyPHP CreateProcess "G:\easyphp\EASYPH~1.1VC\binaries\mysql\bin\eds-mysqld.exe --defaults-file="G:\easyphp\EASYPH~1.1VC\binaries\mysql\my.ini" --language=english"
28/09 13:18:27 EasyPHP EasyPHP Check version
28/09 14:09:45 EasyPHP EasyPHP Stop the servers
28/09 14:09:45 EasyPHP Apache stop event: ap5472_shutdown
28/09 14:09:46 EasyPHP MySqlSutdown event = MySQLShutdown8752
28/09 14:10:20 EasyPHP ServerBase::TimerProc : GetProcessVersion Apache (pid: 5472) error 5
30/09 14:17:02 EasyPHP EasyPHP Servers starting
30/09 14:17:02 EasyPHP Apache CreateProcess "C:\Users\comqls\Desktop\easyphp\EASYPH~3.1VC\binaries\apache\bin\eds-httpd.exe"
30/09 14:17:02 EasyPHP CreateProcess "C:\Users\comqls\Desktop\easyphp\EASYPH~3.1VC\binaries\mysql\bin\eds-mysqld.exe --defaults-file="C:\Users\comqls\Desktop\easyphp\EASYPH~3.1VC\binaries\mysql\my.ini" --language=english"
30/09 14:17:07 EasyPHP EasyPHP Check version
30/09 14:46:49 EasyPHP EasyPHP Stop the servers
30/09 14:46:49 EasyPHP Apache stop event: ap6932_shutdown
30/09 14:46:49 EasyPHP MySqlSutdown event = MySQLShutdown4616
30/09 14:46:51 EasyPHP ServerBase::TimerProc : GetProcessVersion Apache (pid: 6932) error 5
30/09 14:46:53 EasyPHP ServerBase::TimerProc : GetProcessVersion MySQL (pid: 4616) error 5
30/09 14:47:14 EasyPHP EasyPHP Stop the servers
30/09 14:47:14 EasyPHP End EasyPHP...
01/10 12:15:01 EasyPHP EasyPHP Servers starting
01/10 12:15:02 EasyPHP Apache CreateProcess "C:\Users\comqls\Desktop\easyphp\EASYPH~3.1VC\binaries\apache\bin\eds-httpd.exe"
01/10 12:15:02 EasyPHP CreateProcess "C:\Users\comqls\Desktop\easyphp\EASYPH~3.1VC\binaries\mysql\bin\eds-mysqld.exe --defaults-file="C:\Users\comqls\Desktop\easyphp\EASYPH~3.1VC\binaries\mysql\my.ini" --language=english"
01/10 12:15:07 EasyPHP EasyPHP Check version
01/10 15:28:13 EasyPHP EasyPHP Stop the servers
01/10 15:28:13 EasyPHP Apache stop event: ap6040_shutdown
01/10 15:28:13 EasyPHP MySqlSutdown event = MySQLShutdown6952
01/10 15:28:15 EasyPHP ServerBase::TimerProc : GetProcessVersion Apache (pid: 6040) error 5
01/10 15:28:16 EasyPHP ServerBase::TimerProc : GetProcessVersion MySQL (pid: 6952) error 5
01/10 15:28:18 EasyPHP EasyPHP Stop the servers
01/10 15:28:18 EasyPHP End EasyPHP...
03/10 21:12:33 EasyPHP EasyPHP Servers starting
03/10 21:12:34 EasyPHP Apache CreateProcess "C:\Users\Helz\Desktop\easyphp\EASYPH~1.1VC\binaries\apache\bin\eds-httpd.exe"
03/10 21:12:34 EasyPHP CreateProcess "C:\Users\Helz\Desktop\easyphp\EASYPH~1.1VC\binaries\mysql\bin\eds-mysqld.exe --defaults-file="C:\Users\Helz\Desktop\easyphp\EASYPH~1.1VC\binaries\mysql\my.ini" --language=english"
03/10 21:12:39 EasyPHP EasyPHP Check version
04/10 00:12:05 EasyPHP EasyPHP Stop the servers
04/10 00:12:05 EasyPHP Apache stop event: ap5984_shutdown
04/10 00:12:05 EasyPHP MySqlSutdown event = MySQLShutdown1692
04/10 00:12:07 EasyPHP ServerBase::TimerProc : GetProcessVersion Apache (pid: 5984) error 5
04/10 00:12:09 EasyPHP ServerBase::TimerProc : GetProcessVersion MySQL (pid: 1692) error 5
04/10 00:12:11 EasyPHP EasyPHP Stop the servers
04/10 00:12:11 EasyPHP End EasyPHP...
28/10 10:54:06 EasyPHP EasyPHP Removable drive: Regenerate conf files...
28/10 10:54:15 EasyPHP EasyPHP Servers starting
28/10 10:54:28 EasyPHP Apache CreateProcess "G:\easyphp\EASYPH~1.1VC\binaries\apache\bin\eds-httpd.exe"
28/10 10:54:28 EasyPHP CreateProcess "G:\easyphp\EASYPH~1.1VC\binaries\mysql\bin\eds-mysqld.exe --defaults-file="G:\easyphp\EASYPH~1.1VC\binaries\mysql\my.ini" --language=english"
28/10 10:54:33 EasyPHP EasyPHP Check version
28/10 12:10:38 EasyPHP EasyPHP Removable drive: Regenerate conf files...
28/10 12:10:44 EasyPHP EasyPHP Servers starting
28/10 12:10:49 EasyPHP Apache CreateProcess "G:\easyphp\EASYPH~2.1VC\binaries\apache\bin\eds-httpd.exe"
28/10 12:10:49 EasyPHP CreateProcess "G:\easyphp\EASYPH~2.1VC\binaries\mysql\bin\eds-mysqld.exe --defaults-file="G:\easyphp\EASYPH~2.1VC\binaries\mysql\my.ini" --language=english"
28/10 12:10:56 EasyPHP EasyPHP Check version
28/10 15:17:10 EasyPHP EasyPHP Stop the servers
28/10 15:17:10 EasyPHP Apache stop event: ap6496_shutdown
28/10 15:17:11 EasyPHP MySqlSutdown event = MySQLShutdown4256
28/10 15:17:26 EasyPHP ServerBase::TimerProc : GetProcessVersion Apache (pid: 6496) error 5
28/10 15:17:32 EasyPHP EasyPHP Stop the servers
28/10 15:17:32 EasyPHP End EasyPHP...
31/10 13:12:16 EasyPHP EasyPHP Servers starting
31/10 13:12:20 EasyPHP Apache CreateProcess "C:\Users\Helz\Desktop\easyphp\EasyPHP\binaries\apache\bin\eds-httpd.exe"
31/10 13:12:20 EasyPHP CreateProcess "C:\Users\Helz\Desktop\easyphp\EasyPHP\binaries\mysql\bin\eds-mysqld.exe --defaults-file="C:\Users\Helz\Desktop\easyphp\EasyPHP\binaries\mysql\my.ini" --language=english"
31/10 13:12:25 EasyPHP EasyPHP Check version
31/10 13:42:59 EasyPHP EasyPHP Stop the servers
31/10 13:42:59 EasyPHP Apache stop event: ap6208_shutdown
31/10 13:42:59 EasyPHP MySqlSutdown event = MySQLShutdown2276
31/10 13:43:01 EasyPHP ServerBase::TimerProc : GetProcessVersion Apache (pid: 6208) error 5
31/10 13:43:02 EasyPHP EasyPHP Stop the servers
31/10 13:43:02 EasyPHP End EasyPHP...
06/11 16:13:28 EasyPHP EasyPHP Servers starting
06/11 16:13:29 EasyPHP Apache CreateProcess "C:\Users\Helz\Desktop\easyphp\EasyPHP\binaries\apache\bin\eds-httpd.exe"
06/11 16:13:29 EasyPHP CreateProcess "C:\Users\Helz\Desktop\easyphp\EasyPHP\binaries\mysql\bin\eds-mysqld.exe --defaults-file="C:\Users\Helz\Desktop\easyphp\EasyPHP\binaries\mysql\my.ini" --language=english"
06/11 16:13:34 EasyPHP EasyPHP Check version
06/11 16:14:44 EasyPHP EasyPHP Stop the servers
06/11 16:14:44 EasyPHP Apache stop event: ap9916_shutdown
06/11 16:14:45 EasyPHP MySqlSutdown event = MySQLShutdown9164
06/11 16:14:47 EasyPHP ServerBase::TimerProc : GetProcessVersion Apache (pid: 9916) error 5
06/11 16:14:49 EasyPHP ServerBase::TimerProc : GetProcessVersion MySQL (pid: 9164) error 5
06/11 16:14:53 EasyPHP EasyPHP Stop the servers
06/11 16:14:53 EasyPHP End EasyPHP...
06/11 16:21:34 EasyPHP EasyPHP Servers starting
06/11 16:21:34 EasyPHP Apache CreateProcess "C:\Users\Helz\Desktop\easyphp\EasyPHP\binaries\apache\bin\eds-httpd.exe"
06/11 16:21:34 EasyPHP CreateProcess "C:\Users\Helz\Desktop\easyphp\EasyPHP\binaries\mysql\bin\eds-mysqld.exe --defaults-file="C:\Users\Helz\Desktop\easyphp\EasyPHP\binaries\mysql\my.ini" --language=english"
06/11 16:21:39 EasyPHP EasyPHP Check version
06/11 16:23:16 EasyPHP EasyPHP Stop the servers
06/11 16:23:16 EasyPHP Apache stop event: ap1728_shutdown
06/11 16:23:17 EasyPHP MySqlSutdown event = MySQLShutdown9800
06/11 16:23:19 EasyPHP ServerBase::TimerProc : GetProcessVersion Apache (pid: 1728) error 5
06/11 16:23:19 EasyPHP EasyPHP Stop the servers
06/11 16:23:19 EasyPHP End EasyPHP...
01/10 18:54:30 EasyPHP EasyPHP Servers starting
01/10 18:54:31 EasyPHP Apache CreateProcess "C:\Users\Helz\Desktop\EasyPHP\binaries\apache\bin\eds-httpd.exe"
01/10 18:54:31 EasyPHP CreateProcess "C:\Users\Helz\Desktop\EasyPHP\binaries\mysql\bin\eds-mysqld.exe --defaults-file="C:\Users\Helz\Desktop\EasyPHP\binaries\mysql\my.ini" --language=english"
01/10 18:54:36 EasyPHP EasyPHP Check version
01/10 19:09:20 EasyPHP EasyPHP Stop the servers
01/10 19:09:20 EasyPHP Apache stop event: ap9904_shutdown
01/10 19:09:21 EasyPHP MySqlSutdown event = MySQLShutdown11164
01/10 19:09:23 EasyPHP ServerBase::TimerProc : GetProcessVersion Apache (pid: 9904) error 5
01/10 19:09:25 EasyPHP ServerBase::TimerProc : GetProcessVersion MySQL (pid: 11164) error 5
01/10 19:09:26 EasyPHP EasyPHP Stop the servers
01/10 19:09:26 EasyPHP End EasyPHP...
01/10 19:12:50 EasyPHP EasyPHP Servers starting
01/10 19:12:51 EasyPHP Apache CreateProcess "C:\Users\Helz\Desktop\EASYPH~3\binaries\apache\bin\eds-httpd.exe"
01/10 19:12:51 EasyPHP CreateProcess "C:\Users\Helz\Desktop\EASYPH~3\binaries\mysql\bin\eds-mysqld.exe --defaults-file="C:\Users\Helz\Desktop\EASYPH~3\binaries\mysql\my.ini" --language=english"
01/10 19:12:56 EasyPHP EasyPHP Check version
01/10 19:13:23 EasyPHP EasyPHP Stop the servers
01/10 19:13:23 EasyPHP Apache stop event: ap6388_shutdown
01/10 19:13:24 EasyPHP MySqlSutdown event = MySQLShutdown17460
01/10 19:13:24 EasyPHP End EasyPHP...
20/02 15:05:04 EasyPHP EasyPHP Servers starting
20/02 15:05:10 EasyPHP Apache CreateProcess "C:\Users\Jason\Desktop\EASYPH~1\binaries\apache\bin\eds-httpd.exe"
20/02 15:05:10 EasyPHP CreateProcess "C:\Users\Jason\Desktop\EASYPH~1\binaries\mysql\bin\eds-mysqld.exe --defaults-file="C:\Users\Jason\Desktop\EASYPH~1\binaries\mysql\my.ini" --language=english"
20/02 15:05:15 EasyPHP EasyPHP Check version
20/02 15:10:52 EasyPHP EasyPHP Stop the servers
20/02 15:10:52 EasyPHP Apache stop event: ap10748_shutdown
20/02 15:10:53 EasyPHP MySqlSutdown event = MySQLShutdown5772
20/02 15:10:53 EasyPHP End EasyPHP...
20/02 16:17:17 EasyPHP EasyPHP Servers starting
20/02 16:17:18 EasyPHP Apache CreateProcess "C:\Users\Jason\Desktop\EASYPH~1\binaries\apache\bin\eds-httpd.exe"
20/02 16:17:18 EasyPHP CreateProcess "C:\Users\Jason\Desktop\EASYPH~1\binaries\mysql\bin\eds-mysqld.exe --defaults-file="C:\Users\Jason\Desktop\EASYPH~1\binaries\mysql\my.ini" --language=english"
20/02 16:17:23 EasyPHP EasyPHP Check version
20/02 18:42:55 EasyPHP EasyPHP Stop the servers
20/02 18:42:55 EasyPHP Apache stop event: ap5624_shutdown
20/02 18:42:55 EasyPHP Apache::StopExe stop event ap5624_shutdown fail : 2
20/02 18:42:56 EasyPHP MySqlSutdown event = MySQLShutdown1056
20/02 18:42:56 EasyPHP MySqlSutdown event open fail = 2
20/02 18:42:56 EasyPHP ServerBase::TimerProc : GetProcessVersion MySQL (pid: 1056) error 5
20/02 18:42:56 EasyPHP ServerBase::TimerProc : GetProcessVersion Apache (pid: 5624) error 5
20/02 18:42:56 EasyPHP End EasyPHP...
24/02 17:59:16 EasyPHP EasyPHP Servers starting
24/02 17:59:25 EasyPHP Apache CreateProcess "C:\Users\Jason\Desktop\EASYPH~1\binaries\apache\bin\eds-httpd.exe"
24/02 17:59:25 EasyPHP CreateProcess "C:\Users\Jason\Desktop\EASYPH~1\binaries\mysql\bin\eds-mysqld.exe --defaults-file="C:\Users\Jason\Desktop\EASYPH~1\binaries\mysql\my.ini" --language=english"
24/02 17:59:30 EasyPHP EasyPHP Check version
24/02 20:37:31 EasyPHP EasyPHP Stop the servers
24/02 20:37:31 EasyPHP Apache stop event: ap1644_shutdown
24/02 20:37:31 EasyPHP MySqlSutdown event = MySQLShutdown7844
24/02 20:37:31 EasyPHP End EasyPHP...
27/02 20:20:36 EasyPHP EasyPHP Servers starting
27/02 20:20:38 EasyPHP Apache CreateProcess "C:\Users\Jason\Desktop\EASYPH~1\binaries\apache\bin\eds-httpd.exe"
27/02 20:20:38 EasyPHP CreateProcess "C:\Users\Jason\Desktop\EASYPH~1\binaries\mysql\bin\eds-mysqld.exe --defaults-file="C:\Users\Jason\Desktop\EASYPH~1\binaries\mysql\my.ini" --language=english"
27/02 20:20:43 EasyPHP EasyPHP Check version
27/02 20:20:47 EasyPHP EasyPHP Stop the servers
27/02 20:20:47 EasyPHP Apache stop event: ap1096_shutdown
27/02 20:20:48 EasyPHP MySqlSutdown event = MySQLShutdown740
27/02 20:20:48 EasyPHP End EasyPHP...
27/02 20:51:38 EasyPHP EasyPHP Servers starting
27/02 20:51:39 EasyPHP Apache CreateProcess "C:\Users\Jason\GOOGLE~1\GROUPP~1\EASYPH~1\binaries\apache\bin\eds-httpd.exe"
27/02 20:51:39 EasyPHP CreateProcess "C:\Users\Jason\GOOGLE~1\GROUPP~1\EASYPH~1\binaries\mysql\bin\eds-mysqld.exe --defaults-file="C:\Users\Jason\GOOGLE~1\GROUPP~1\EASYPH~1\binaries\mysql\my.ini" --language=english"
27/02 20:51:44 EasyPHP EasyPHP Check version
27/02 20:55:18 EasyPHP EasyPHP Stop the servers
27/02 20:55:18 EasyPHP Apache stop event: ap10432_shutdown
27/02 20:55:19 EasyPHP MySqlSutdown event = MySQLShutdown11000
27/02 20:55:19 EasyPHP End EasyPHP...
27/02 20:55:22 EasyPHP EasyPHP Servers starting
27/02 20:55:23 EasyPHP Apache CreateProcess "C:\Users\Jason\GOOGLE~1\GROUPP~1\EASYPH~1\binaries\apache\bin\eds-httpd.exe"
27/02 20:55:23 EasyPHP CreateProcess "C:\Users\Jason\GOOGLE~1\GROUPP~1\EASYPH~1\binaries\mysql\bin\eds-mysqld.exe --defaults-file="C:\Users\Jason\GOOGLE~1\GROUPP~1\EASYPH~1\binaries\mysql\my.ini" --language=english"
27/02 20:55:28 EasyPHP EasyPHP Check version
27/02 21:01:31 EasyPHP EasyPHP Stop the servers
27/02 21:01:31 EasyPHP Apache stop event: ap4444_shutdown
27/02 21:01:32 EasyPHP MySqlSutdown event = MySQLShutdown10376
27/02 21:01:32 EasyPHP End EasyPHP...
27/02 21:07:09 EasyPHP EasyPHP Servers starting
27/02 21:07:10 EasyPHP Apache CreateProcess "C:\Users\Jason\GOOGLE~1\GROUPP~1\EASYPH~1\binaries\apache\bin\eds-httpd.exe"
27/02 21:07:10 EasyPHP CreateProcess "C:\Users\Jason\GOOGLE~1\GROUPP~1\EASYPH~1\binaries\mysql\bin\eds-mysqld.exe --defaults-file="C:\Users\Jason\GOOGLE~1\GROUPP~1\EASYPH~1\binaries\mysql\my.ini" --language=english"
27/02 21:07:15 EasyPHP EasyPHP Check version
27/02 21:10:36 EasyPHP EasyPHP Stop the servers
27/02 21:10:36 EasyPHP Apache stop event: ap11832_shutdown
27/02 21:10:37 EasyPHP MySqlSutdown event = MySQLShutdown9612
27/02 21:10:37 EasyPHP End EasyPHP...
27/02 21:12:06 EasyPHP EasyPHP Servers starting
27/02 21:12:07 EasyPHP Apache CreateProcess "C:\Users\Jason\GOOGLE~1\GROUPP~1\EASYPH~1\binaries\apache\bin\eds-httpd.exe"
27/02 21:12:07 EasyPHP CreateProcess "C:\Users\Jason\GOOGLE~1\GROUPP~1\EASYPH~1\binaries\mysql\bin\eds-mysqld.exe --defaults-file="C:\Users\Jason\GOOGLE~1\GROUPP~1\EASYPH~1\binaries\mysql\my.ini" --language=english"
27/02 21:12:12 EasyPHP EasyPHP Check version
27/02 21:21:45 EasyPHP EasyPHP Servers starting
27/02 21:21:46 EasyPHP Apache CreateProcess "C:\Users\hayde\GOOGLE~1\GROUPP~1\EASYPH~1\binaries\apache\bin\eds-httpd.exe"
27/02 21:21:46 EasyPHP CreateProcess "C:\Users\hayde\GOOGLE~1\GROUPP~1\EASYPH~1\binaries\mysql\bin\eds-mysqld.exe --defaults-file="C:\Users\hayde\GOOGLE~1\GROUPP~1\EASYPH~1\binaries\mysql\my.ini" --language=english"
27/02 21:21:51 EasyPHP EasyPHP Check version
27/02 21:35:43 EasyPHP EasyPHP Stop the servers
27/02 21:35:43 EasyPHP Apache stop event: ap15124_shutdown
27/02 21:35:43 EasyPHP MySqlSutdown event = MySQLShutdown11412
27/02 21:35:43 EasyPHP End EasyPHP...
27/02 21:36:27 EasyPHP EasyPHP Servers starting
27/02 21:36:27 EasyPHP Apache CreateProcess "C:\Users\hayde\GOOGLE~1\GROUPP~1\EASYPH~1\binaries\apache\bin\eds-httpd.exe"
27/02 21:36:27 EasyPHP CreateProcess "C:\Users\hayde\GOOGLE~1\GROUPP~1\EASYPH~1\binaries\mysql\bin\eds-mysqld.exe --defaults-file="C:\Users\hayde\GOOGLE~1\GROUPP~1\EASYPH~1\binaries\mysql\my.ini" --language=english"
27/02 21:36:28 EasyPHP ServerBase::TimerProc : GetProcessVersion MySQL (pid: 6284) error 5
27/02 21:36:28 EasyPHP MySql   Unexpected end of MySql !
27/02 21:36:32 EasyPHP EasyPHP Check version
27/02 21:37:08 EasyPHP CreateProcess "C:\Users\hayde\GOOGLE~1\GROUPP~1\EASYPH~1\binaries\mysql\bin\eds-mysqld.exe --defaults-file="C:\Users\hayde\GOOGLE~1\GROUPP~1\EASYPH~1\binaries\mysql\my.ini" --language=english"
27/02 21:37:09 EasyPHP ServerBase::TimerProc : GetProcessVersion MySQL (pid: 14184) error 5
27/02 21:37:09 EasyPHP MySql   Unexpected end of MySql !
27/02 21:38:00 EasyPHP EasyPHP Stop the servers
27/02 21:38:00 EasyPHP Apache stop event: ap11364_shutdown
27/02 21:38:01 EasyPHP End EasyPHP...
27/02 21:43:49 EasyPHP EasyPHP Servers starting
27/02 21:43:50 EasyPHP Apache CreateProcess "C:\Users\hayde\GOOGLE~1\GROUPP~1\EASYPH~1\binaries\apache\bin\eds-httpd.exe"
27/02 21:43:50 EasyPHP CreateProcess "C:\Users\hayde\GOOGLE~1\GROUPP~1\EASYPH~1\binaries\mysql\bin\eds-mysqld.exe --defaults-file="C:\Users\hayde\GOOGLE~1\GROUPP~1\EASYPH~1\binaries\mysql\my.ini" --language=english"
27/02 21:43:55 EasyPHP EasyPHP Check version
27/02 21:46:42 EasyPHP EasyPHP Stop the servers
27/02 21:46:42 EasyPHP Apache stop event: ap3176_shutdown
27/02 21:46:43 EasyPHP MySqlSutdown event = MySQLShutdown2920
27/02 21:46:43 EasyPHP End EasyPHP...
28/02 09:27:14 EasyPHP EasyPHP Servers starting
28/02 09:27:16 EasyPHP Apache CreateProcess "C:\Users\hayde\GOOGLE~1\GROUPP~1\EASYPH~1\binaries\apache\bin\eds-httpd.exe"
28/02 09:27:16 EasyPHP CreateProcess "C:\Users\hayde\GOOGLE~1\GROUPP~1\EASYPH~1\binaries\mysql\bin\eds-mysqld.exe --defaults-file="C:\Users\hayde\GOOGLE~1\GROUPP~1\EASYPH~1\binaries\mysql\my.ini" --language=english"
28/02 09:27:21 EasyPHP EasyPHP Check version
28/02 09:30:06 EasyPHP EasyPHP Stop the servers
28/02 09:30:06 EasyPHP Apache stop event: ap6776_shutdown
28/02 09:30:06 EasyPHP MySqlSutdown event = MySQLShutdown13616
28/02 09:30:06 EasyPHP End EasyPHP...
28/02 09:36:33 EasyPHP EasyPHP Servers starting
28/02 09:36:34 EasyPHP Apache CreateProcess "C:\Users\hayde\GOOGLE~1\GROUPP~1\EASYPH~1\binaries\apache\bin\eds-httpd.exe"
28/02 09:36:34 EasyPHP CreateProcess "C:\Users\hayde\GOOGLE~1\GROUPP~1\EASYPH~1\binaries\mysql\bin\eds-mysqld.exe --defaults-file="C:\Users\hayde\GOOGLE~1\GROUPP~1\EASYPH~1\binaries\mysql\my.ini" --language=english"
28/02 09:36:39 EasyPHP EasyPHP Check version
28/02 09:45:31 EasyPHP EasyPHP Removable drive: Regenerate conf files...
28/02 09:45:31 EasyPHP EasyPHP Servers starting
28/02 09:45:33 EasyPHP Apache CreateProcess "D:\EasyPHP_v2\binaries\apache\bin\eds-httpd.exe"
28/02 09:45:33 EasyPHP CreateProcess "D:\EasyPHP_v2\binaries\mysql\bin\eds-mysqld.exe --defaults-file="D:\EasyPHP_v2\binaries\mysql\my.ini" --language=english"
28/02 09:45:38 EasyPHP EasyPHP Check version
28/02 09:45:49 EasyPHP EasyPHP Stop the servers
28/02 09:45:49 EasyPHP Apache stop event: ap7920_shutdown
28/02 09:45:50 EasyPHP MySqlSutdown event = MySQLShutdown9836
28/02 09:45:50 EasyPHP End EasyPHP...
28/02 09:47:52 EasyPHP EasyPHP Removable drive: Regenerate conf files...
28/02 09:47:52 EasyPHP EasyPHP Servers starting
28/02 09:47:53 EasyPHP Apache CreateProcess "E:\EasyPHP_v2\binaries\apache\bin\eds-httpd.exe"
28/02 09:47:53 EasyPHP CreateProcess "E:\EasyPHP_v2\binaries\mysql\bin\eds-mysqld.exe --defaults-file="E:\EasyPHP_v2\binaries\mysql\my.ini" --language=english"
28/02 09:47:58 EasyPHP EasyPHP Check version
28/02 09:48:24 EasyPHP EasyPHP Stop the servers
28/02 09:48:24 EasyPHP Apache stop event: ap11504_shutdown
28/02 09:48:25 EasyPHP MySqlSutdown event = MySQLShutdown11064
28/02 09:48:25 EasyPHP End EasyPHP...
28/02 09:49:42 EasyPHP EasyPHP Removable drive: Regenerate conf files...
28/02 09:49:42 EasyPHP EasyPHP Servers starting
28/02 09:49:43 EasyPHP Apache CreateProcess "E:\EasyPHP_v2\binaries\apache\bin\eds-httpd.exe"
28/02 09:49:43 EasyPHP CreateProcess "E:\EasyPHP_v2\binaries\mysql\bin\eds-mysqld.exe --defaults-file="E:\EasyPHP_v2\binaries\mysql\my.ini" --language=english"
28/02 09:49:48 EasyPHP EasyPHP Check version
28/02 10:04:49 EasyPHP EasyPHP Stop the servers
28/02 10:04:49 EasyPHP Apache stop event: ap9880_shutdown
28/02 10:04:50 EasyPHP MySqlSutdown event = MySQLShutdown9756
28/02 10:04:50 EasyPHP End EasyPHP...
28/02 10:04:54 EasyPHP EasyPHP Removable drive: Regenerate conf files...
28/02 10:04:54 EasyPHP EasyPHP Servers starting
28/02 10:04:56 EasyPHP Apache CreateProcess "D:\EasyPHP_v2\binaries\apache\bin\eds-httpd.exe"
28/02 10:04:56 EasyPHP CreateProcess "D:\EasyPHP_v2\binaries\mysql\bin\eds-mysqld.exe --defaults-file="D:\EasyPHP_v2\binaries\mysql\my.ini" --language=english"
28/02 10:05:01 EasyPHP EasyPHP Check version
28/02 10:07:24 EasyPHP EasyPHP Stop the servers
28/02 10:07:24 EasyPHP Apache stop event: ap16092_shutdown
28/02 10:07:25 EasyPHP MySqlSutdown event = MySQLShutdown2968
28/02 10:07:25 EasyPHP End EasyPHP...
28/02 13:54:48 EasyPHP EasyPHP Servers starting
28/02 13:54:50 EasyPHP Apache CreateProcess "C:\Users\hayde\DOCUME~1\GitHub\GP3-MICE\EASYPH~1\binaries\apache\bin\eds-httpd.exe"
28/02 13:54:50 EasyPHP CreateProcess "C:\Users\hayde\DOCUME~1\GitHub\GP3-MICE\EASYPH~1\binaries\mysql\bin\eds-mysqld.exe --defaults-file="C:\Users\hayde\DOCUME~1\GitHub\GP3-MICE\EASYPH~1\binaries\mysql\my.ini" --language=english"
28/02 13:54:55 EasyPHP EasyPHP Check version
28/02 13:56:22 EasyPHP EasyPHP Stop the servers
28/02 13:56:22 EasyPHP Apache stop event: ap4288_shutdown
28/02 13:56:23 EasyPHP MySqlSutdown event = MySQLShutdown14024
28/02 13:56:23 EasyPHP End EasyPHP...
28/02 13:58:17 EasyPHP EasyPHP Servers starting
28/02 13:58:18 EasyPHP Apache CreateProcess "C:\Users\hayde\DOCUME~1\GitHub\GP3-MICE\EASYPH~1\binaries\apache\bin\eds-httpd.exe"
28/02 13:58:18 EasyPHP CreateProcess "C:\Users\hayde\DOCUME~1\GitHub\GP3-MICE\EASYPH~1\binaries\mysql\bin\eds-mysqld.exe --defaults-file="C:\Users\hayde\DOCUME~1\GitHub\GP3-MICE\EASYPH~1\binaries\mysql\my.ini" --language=english"
28/02 13:58:23 EasyPHP EasyPHP Check version
28/02 14:07:54 EasyPHP EasyPHP Stop the servers
28/02 14:07:54 EasyPHP Apache stop event: ap1372_shutdown
28/02 14:07:54 EasyPHP MySqlSutdown event = MySQLShutdown2508
28/02 14:07:54 EasyPHP End EasyPHP...
28/02 14:34:06 EasyPHP EasyPHP Servers starting
28/02 14:34:07 EasyPHP Apache CreateProcess "C:\Users\hayde\DOCUME~1\GitHub\GP3-MICE\EASYPH~1\binaries\apache\bin\eds-httpd.exe"
28/02 14:34:07 EasyPHP CreateProcess "C:\Users\hayde\DOCUME~1\GitHub\GP3-MICE\EASYPH~1\binaries\mysql\bin\eds-mysqld.exe --defaults-file="C:\Users\hayde\DOCUME~1\GitHub\GP3-MICE\EASYPH~1\binaries\mysql\my.ini" --language=english"
28/02 14:34:12 EasyPHP EasyPHP Check version
28/02 14:36:00 EasyPHP EasyPHP Stop the servers
28/02 14:36:00 EasyPHP Apache stop event: ap13196_shutdown
28/02 14:36:01 EasyPHP MySqlSutdown event = MySQLShutdown11872
28/02 14:36:01 EasyPHP End EasyPHP...
28/02 20:32:27 EasyPHP EasyPHP Servers starting
28/02 20:32:29 EasyPHP Apache CreateProcess "C:\Users\Jason\DOCUME~1\GitHub\GP3-MICE\EASYPH~1\binaries\apache\bin\eds-httpd.exe"
28/02 20:32:29 EasyPHP CreateProcess "C:\Users\Jason\DOCUME~1\GitHub\GP3-MICE\EASYPH~1\binaries\mysql\bin\eds-mysqld.exe --defaults-file="C:\Users\Jason\DOCUME~1\GitHub\GP3-MICE\EASYPH~1\binaries\mysql\my.ini" --language=english"
28/02 20:32:34 EasyPHP EasyPHP Check version
28/02 20:35:45 EasyPHP EasyPHP Stop the servers
28/02 20:35:45 EasyPHP Apache stop event: ap12644_shutdown
28/02 20:35:45 EasyPHP MySqlSutdown event = MySQLShutdown9424
28/02 20:35:45 EasyPHP End EasyPHP...
01/03 15:26:16 EasyPHP EasyPHP Servers starting
01/03 15:26:17 EasyPHP Apache CreateProcess "C:\Users\Jason\DOCUME~1\GitHub\GP3-MICE\EASYPH~1\binaries\apache\bin\eds-httpd.exe"
01/03 15:26:17 EasyPHP CreateProcess "C:\Users\Jason\DOCUME~1\GitHub\GP3-MICE\EASYPH~1\binaries\mysql\bin\eds-mysqld.exe --defaults-file="C:\Users\Jason\DOCUME~1\GitHub\GP3-MICE\EASYPH~1\binaries\mysql\my.ini" --language=english"
01/03 15:26:22 EasyPHP EasyPHP Check version
02/03 12:47:19 EasyPHP EasyPHP Servers starting
02/03 12:47:23 EasyPHP Apache CreateProcess "C:\Users\Sansith\DOCUME~1\GitHub\GP3-MICE\EASYPH~1\binaries\apache\bin\eds-httpd.exe"
02/03 12:47:23 EasyPHP CreateProcess "C:\Users\Sansith\DOCUME~1\GitHub\GP3-MICE\EASYPH~1\binaries\mysql\bin\eds-mysqld.exe --defaults-file="C:\Users\Sansith\DOCUME~1\GitHub\GP3-MICE\EASYPH~1\binaries\mysql\my.ini" --language=english"
02/03 12:47:28 EasyPHP EasyPHP Check version
02/03 12:49:52 EasyPHP EasyPHP Stop the servers
02/03 12:49:52 EasyPHP Apache stop event: ap8248_shutdown
02/03 12:49:53 EasyPHP MySqlSutdown event = MySQLShutdown10524
02/03 12:49:54 EasyPHP ServerBase::TimerProc : GetProcessVersion MySQL (pid: 10524) error 5
02/03 12:49:54 EasyPHP ServerBase::TimerProc : GetProcessVersion Apache (pid: 8248) error 5
02/03 12:49:56 EasyPHP EasyPHP Stop the servers
02/03 12:49:56 EasyPHP End EasyPHP...
02/03 12:50:52 EasyPHP EasyPHP Servers starting
02/03 12:50:53 EasyPHP Apache CreateProcess "C:\Users\Sansith\DOCUME~1\GitHub\GP3-MICE\EASYPH~1\binaries\apache\bin\eds-httpd.exe"
02/03 12:50:53 EasyPHP CreateProcess "C:\Users\Sansith\DOCUME~1\GitHub\GP3-MICE\EASYPH~1\binaries\mysql\bin\eds-mysqld.exe --defaults-file="C:\Users\Sansith\DOCUME~1\GitHub\GP3-MICE\EASYPH~1\binaries\mysql\my.ini" --language=english"
02/03 12:50:58 EasyPHP EasyPHP Check version
02/03 12:51:55 EasyPHP EasyPHP Stop the servers
02/03 12:51:55 EasyPHP Apache stop event: ap10592_shutdown
02/03 12:51:55 EasyPHP MySqlSutdown event = MySQLShutdown3152
02/03 12:51:57 EasyPHP ServerBase::TimerProc : GetProcessVersion MySQL (pid: 3152) error 5
02/03 12:51:57 EasyPHP ServerBase::TimerProc : GetProcessVersion Apache (pid: 10592) error 5
02/03 12:53:00 EasyPHP EasyPHP Servers starting
02/03 12:53:02 EasyPHP Apache CreateProcess "C:\Users\Sansith\DOCUME~1\GitHub\GP3-MICE\EASYPH~1\binaries\apache\bin\eds-httpd.exe"
02/03 12:53:02 EasyPHP CreateProcess "C:\Users\Sansith\DOCUME~1\GitHub\GP3-MICE\EASYPH~1\binaries\mysql\bin\eds-mysqld.exe --defaults-file="C:\Users\Sansith\DOCUME~1\GitHub\GP3-MICE\EASYPH~1\binaries\mysql\my.ini" --language=english"
02/03 12:55:42 EasyPHP EasyPHP Stop the servers
02/03 12:55:42 EasyPHP Apache stop event: ap5312_shutdown
02/03 12:55:43 EasyPHP MySqlSutdown event = MySQLShutdown6256
02/03 12:55:45 EasyPHP ServerBase::TimerProc : GetProcessVersion MySQL (pid: 6256) error 5
02/03 12:55:45 EasyPHP ServerBase::TimerProc : GetProcessVersion Apache (pid: 5312) error 5
02/03 12:56:09 EasyPHP EasyPHP Stop the servers
02/03 12:56:09 EasyPHP End EasyPHP...
02/03 13:51:49 EasyPHP EasyPHP Servers starting
02/03 13:51:50 EasyPHP Apache CreateProcess "C:\Users\Sansith\DOCUME~1\GitHub\GP3-MICE\EASYPH~1\binaries\apache\bin\eds-httpd.exe"
02/03 13:51:50 EasyPHP CreateProcess "C:\Users\Sansith\DOCUME~1\GitHub\GP3-MICE\EASYPH~1\binaries\mysql\bin\eds-mysqld.exe --defaults-file="C:\Users\Sansith\DOCUME~1\GitHub\GP3-MICE\EASYPH~1\binaries\mysql\my.ini" --language=english"
02/03 13:51:55 EasyPHP EasyPHP Check version
02/03 13:55:11 EasyPHP EasyPHP Stop the servers
02/03 13:55:11 EasyPHP Apache stop event: ap8364_shutdown
02/03 13:55:12 EasyPHP MySqlSutdown event = MySQLShutdown2016
02/03 13:55:13 EasyPHP ServerBase::TimerProc : GetProcessVersion MySQL (pid: 2016) error 5
02/03 13:55:13 EasyPHP ServerBase::TimerProc : GetProcessVersion Apache (pid: 8364) error 5
02/03 14:01:46 EasyPHP EasyPHP Servers starting
02/03 14:01:47 EasyPHP Apache CreateProcess "C:\Users\Sansith\DOCUME~1\GitHub\GP3-MICE\EASYPH~1\binaries\apache\bin\eds-httpd.exe"
02/03 14:01:47 EasyPHP CreateProcess "C:\Users\Sansith\DOCUME~1\GitHub\GP3-MICE\EASYPH~1\binaries\mysql\bin\eds-mysqld.exe --defaults-file="C:\Users\Sansith\DOCUME~1\GitHub\GP3-MICE\EASYPH~1\binaries\mysql\my.ini" --language=english"
02/03 14:18:27 EasyPHP EasyPHP Stop the servers
02/03 14:18:27 EasyPHP Apache stop event: ap3908_shutdown
02/03 14:18:28 EasyPHP MySqlSutdown event = MySQLShutdown9864
02/03 14:18:29 EasyPHP ServerBase::TimerProc : GetProcessVersion MySQL (pid: 9864) error 5
02/03 14:18:29 EasyPHP ServerBase::TimerProc : GetProcessVersion Apache (pid: 3908) error 5
02/03 14:32:40 EasyPHP EasyPHP Servers starting
02/03 14:32:42 EasyPHP Apache CreateProcess "C:\Users\Sansith\DOCUME~1\GitHub\GP3-MICE\EASYPH~1\binaries\apache\bin\eds-httpd.exe"
02/03 14:32:42 EasyPHP CreateProcess "C:\Users\Sansith\DOCUME~1\GitHub\GP3-MICE\EASYPH~1\binaries\mysql\bin\eds-mysqld.exe --defaults-file="C:\Users\Sansith\DOCUME~1\GitHub\GP3-MICE\EASYPH~1\binaries\mysql\my.ini" --language=english"
02/03 14:54:35 EasyPHP EasyPHP Stop the servers
02/03 14:54:35 EasyPHP Apache stop event: ap1176_shutdown
02/03 14:54:36 EasyPHP MySqlSutdown event = MySQLShutdown5620
02/03 14:54:37 EasyPHP ServerBase::TimerProc : GetProcessVersion MySQL (pid: 5620) error 5
02/03 14:54:37 EasyPHP ServerBase::TimerProc : GetProcessVersion Apache (pid: 1176) error 5
02/03 14:56:32 EasyPHP EasyPHP Servers starting
02/03 14:56:38 EasyPHP Apache CreateProcess "C:\Users\Sansith\DOCUME~1\GitHub\GP3-MICE\EASYPH~1\binaries\apache\bin\eds-httpd.exe"
02/03 14:56:38 EasyPHP CreateProcess "C:\Users\Sansith\DOCUME~1\GitHub\GP3-MICE\EASYPH~1\binaries\mysql\bin\eds-mysqld.exe --defaults-file="C:\Users\Sansith\DOCUME~1\GitHub\GP3-MICE\EASYPH~1\binaries\mysql\my.ini" --language=english"
02/03 15:15:23 EasyPHP EasyPHP Stop the servers
02/03 15:15:23 EasyPHP Apache stop event: ap1288_shutdown
02/03 15:15:24 EasyPHP MySqlSutdown event = MySQLShutdown9204
02/03 15:15:26 EasyPHP ServerBase::TimerProc : GetProcessVersion Apache (pid: 1288) error 5
02/03 15:15:26 EasyPHP ServerBase::TimerProc : GetProcessVersion MySQL (pid: 9204) error 5
<<<<<<< Updated upstream
03/03 14:05:04 EasyPHP EasyPHP Servers starting
03/03 14:05:05 EasyPHP Apache CreateProcess "C:\Users\Jason\DOCUME~1\GitHub\GP3-MICE\EASYPH~1\binaries\apache\bin\eds-httpd.exe"
03/03 14:05:05 EasyPHP CreateProcess "C:\Users\Jason\DOCUME~1\GitHub\GP3-MICE\EASYPH~1\binaries\mysql\bin\eds-mysqld.exe --defaults-file="C:\Users\Jason\DOCUME~1\GitHub\GP3-MICE\EASYPH~1\binaries\mysql\my.ini" --language=english"
03/03 14:05:10 EasyPHP EasyPHP Check version
03/03 14:05:15 EasyPHP EasyPHP Stop the servers
03/03 14:05:15 EasyPHP Apache stop event: ap12132_shutdown
03/03 14:05:16 EasyPHP MySqlSutdown event = MySQLShutdown12144
03/03 14:05:16 EasyPHP End EasyPHP...
03/03 14:53:11 EasyPHP EasyPHP Servers starting
03/03 14:53:12 EasyPHP Apache CreateProcess "C:\Users\Jason\DOCUME~1\GitHub\GP3-MICE\EASYPH~1\binaries\apache\bin\eds-httpd.exe"
03/03 14:53:12 EasyPHP CreateProcess "C:\Users\Jason\DOCUME~1\GitHub\GP3-MICE\EASYPH~1\binaries\mysql\bin\eds-mysqld.exe --defaults-file="C:\Users\Jason\DOCUME~1\GitHub\GP3-MICE\EASYPH~1\binaries\mysql\my.ini" --language=english"
03/03 14:53:17 EasyPHP EasyPHP Check version
<<<<<<< Updated upstream
03/03 15:51:34 EasyPHP EasyPHP Servers starting
03/03 15:51:36 EasyPHP Apache CreateProcess "C:\Users\Jason\DOCUME~1\GitHub\GP3-MICE\EASYPH~1\binaries\apache\bin\eds-httpd.exe"
03/03 15:51:36 EasyPHP CreateProcess "C:\Users\Jason\DOCUME~1\GitHub\GP3-MICE\EASYPH~1\binaries\mysql\bin\eds-mysqld.exe --defaults-file="C:\Users\Jason\DOCUME~1\GitHub\GP3-MICE\EASYPH~1\binaries\mysql\my.ini" --language=english"
03/03 15:51:41 EasyPHP EasyPHP Check version
03/03 15:54:52 EasyPHP EasyPHP Stop the servers
03/03 15:54:52 EasyPHP Apache stop event: ap11784_shutdown
03/03 15:54:53 EasyPHP MySqlSutdown event = MySQLShutdown11852
03/03 15:54:53 EasyPHP End EasyPHP...
04/03 14:00:04 EasyPHP EasyPHP Servers starting
04/03 14:00:05 EasyPHP Apache CreateProcess "C:\Users\Jason\DOCUME~1\GitHub\GP3-MICE\EASYPH~1\binaries\apache\bin\eds-httpd.exe"
04/03 14:00:05 EasyPHP CreateProcess "C:\Users\Jason\DOCUME~1\GitHub\GP3-MICE\EASYPH~1\binaries\mysql\bin\eds-mysqld.exe --defaults-file="C:\Users\Jason\DOCUME~1\GitHub\GP3-MICE\EASYPH~1\binaries\mysql\my.ini" --language=english"
04/03 14:00:10 EasyPHP EasyPHP Check version
04/03 14:08:34 EasyPHP EasyPHP Stop the servers
04/03 14:08:34 EasyPHP Apache stop event: ap5880_shutdown
04/03 14:08:34 EasyPHP MySqlSutdown event = MySQLShutdown10868
04/03 14:08:34 EasyPHP End EasyPHP...
=======
=======
02/03 15:17:05 EasyPHP EasyPHP Servers starting
02/03 15:17:09 EasyPHP Apache CreateProcess "C:\Users\Sansith\DOCUME~1\GitHub\GP3-MICE\EASYPH~1\binaries\apache\bin\eds-httpd.exe"
02/03 15:17:09 EasyPHP CreateProcess "C:\Users\Sansith\DOCUME~1\GitHub\GP3-MICE\EASYPH~1\binaries\mysql\bin\eds-mysqld.exe --defaults-file="C:\Users\Sansith\DOCUME~1\GitHub\GP3-MICE\EASYPH~1\binaries\mysql\my.ini" --language=english"
02/03 15:48:29 EasyPHP EasyPHP Stop the servers
02/03 15:48:29 EasyPHP Apache stop event: ap6236_shutdown
02/03 15:48:30 EasyPHP MySqlSutdown event = MySQLShutdown3248
02/03 15:48:32 EasyPHP ServerBase::TimerProc : GetProcessVersion MySQL (pid: 3248) error 5
02/03 15:48:32 EasyPHP ServerBase::TimerProc : GetProcessVersion Apache (pid: 6236) error 5
03/03 23:34:09 EasyPHP EasyPHP Servers starting
03/03 23:34:12 EasyPHP Apache CreateProcess "C:\Users\Sansith\DOCUME~1\GitHub\GP3-MICE\EASYPH~1\binaries\apache\bin\eds-httpd.exe"
03/03 23:34:12 EasyPHP CreateProcess "C:\Users\Sansith\DOCUME~1\GitHub\GP3-MICE\EASYPH~1\binaries\mysql\bin\eds-mysqld.exe --defaults-file="C:\Users\Sansith\DOCUME~1\GitHub\GP3-MICE\EASYPH~1\binaries\mysql\my.ini" --language=english"
03/03 23:36:29 EasyPHP EasyPHP Stop the servers
03/03 23:36:29 EasyPHP Apache stop event: ap6680_shutdown
03/03 23:36:30 EasyPHP MySqlSutdown event = MySQLShutdown13248
03/03 23:36:32 EasyPHP ServerBase::TimerProc : GetProcessVersion Apache (pid: 6680) error 5
03/03 23:36:34 EasyPHP ServerBase::TimerProc : GetProcessVersion MySQL (pid: 13248) error 5
03/03 23:37:48 EasyPHP EasyPHP Stop the servers
03/03 23:37:48 EasyPHP End EasyPHP...
>>>>>>> Stashed changes
>>>>>>> Stashed changes
04/03 14:42:46 EasyPHP EasyPHP Servers starting
04/03 14:42:48 EasyPHP Apache CreateProcess "C:\Users\Sansith\DOCUME~1\GitHub\GP3-MICE\EASYPH~1\binaries\apache\bin\eds-httpd.exe"
04/03 14:42:48 EasyPHP CreateProcess "C:\Users\Sansith\DOCUME~1\GitHub\GP3-MICE\EASYPH~1\binaries\mysql\bin\eds-mysqld.exe --defaults-file="C:\Users\Sansith\DOCUME~1\GitHub\GP3-MICE\EASYPH~1\binaries\mysql\my.ini" --language=english"
04/03 14:42:53 EasyPHP EasyPHP Check version
04/03 14:57:48 EasyPHP EasyPHP Stop the servers
04/03 14:57:48 EasyPHP Apache stop event: ap11236_shutdown
04/03 14:57:49 EasyPHP MySqlSutdown event = MySQLShutdown6704
04/03 14:57:51 EasyPHP ServerBase::TimerProc : GetProcessVersion MySQL (pid: 6704) error 5
04/03 14:57:51 EasyPHP ServerBase::TimerProc : GetProcessVersion Apache (pid: 11236) error 5
04/03 14:59:42 EasyPHP EasyPHP Servers starting
04/03 14:59:45 EasyPHP Apache CreateProcess "C:\Users\Sansith\DOCUME~1\GitHub\GP3-MICE\EASYPH~1\binaries\apache\bin\eds-httpd.exe"
04/03 14:59:45 EasyPHP CreateProcess "C:\Users\Sansith\DOCUME~1\GitHub\GP3-MICE\EASYPH~1\binaries\mysql\bin\eds-mysqld.exe --defaults-file="C:\Users\Sansith\DOCUME~1\GitHub\GP3-MICE\EASYPH~1\binaries\mysql\my.ini" --language=english"
04/03 15:02:04 EasyPHP EasyPHP Stop the servers
04/03 15:02:04 EasyPHP Apache stop event: ap7000_shutdown
04/03 15:02:05 EasyPHP MySqlSutdown event = MySQLShutdown11648
04/03 15:02:07 EasyPHP ServerBase::TimerProc : GetProcessVersion MySQL (pid: 11648) error 5
04/03 15:02:07 EasyPHP ServerBase::TimerProc : GetProcessVersion Apache (pid: 7000) error 5
04/03 22:44:35 EasyPHP EasyPHP Stop the servers
04/03 22:44:35 EasyPHP End EasyPHP...
04/03 22:45:57 EasyPHP EasyPHP Servers starting
04/03 22:45:58 EasyPHP Apache CreateProcess "C:\Users\Sansith\DOCUME~1\GitHub\GP3-MICE\EASYPH~1\binaries\apache\bin\eds-httpd.exe"
04/03 22:45:58 EasyPHP CreateProcess "C:\Users\Sansith\DOCUME~1\GitHub\GP3-MICE\EASYPH~1\binaries\mysql\bin\eds-mysqld.exe --defaults-file="C:\Users\Sansith\DOCUME~1\GitHub\GP3-MICE\EASYPH~1\binaries\mysql\my.ini" --language=english"
04/03 22:46:03 EasyPHP EasyPHP Check version
04/03 23:26:17 EasyPHP EasyPHP Stop the servers
04/03 23:26:17 EasyPHP Apache stop event: ap9232_shutdown
04/03 23:26:18 EasyPHP MySqlSutdown event = MySQLShutdown2544
04/03 23:26:19 EasyPHP ServerBase::TimerProc : GetProcessVersion MySQL (pid: 2544) error 5
04/03 23:26:19 EasyPHP ServerBase::TimerProc : GetProcessVersion Apache (pid: 9232) error 5
06/03 12:07:28 EasyPHP EasyPHP Servers starting
06/03 12:07:30 EasyPHP Apache CreateProcess "C:\Users\hayde\DOCUME~1\GitHub\GP3-MICE\EASYPH~1\binaries\apache\bin\eds-httpd.exe"
06/03 12:07:30 EasyPHP CreateProcess "C:\Users\hayde\DOCUME~1\GitHub\GP3-MICE\EASYPH~1\binaries\mysql\bin\eds-mysqld.exe --defaults-file="C:\Users\hayde\DOCUME~1\GitHub\GP3-MICE\EASYPH~1\binaries\mysql\my.ini" --language=english"
06/03 12:07:35 EasyPHP EasyPHP Check version
06/03 12:18:18 EasyPHP EasyPHP Stop the servers
06/03 12:18:18 EasyPHP Apache stop event: ap2484_shutdown
06/03 12:18:18 EasyPHP MySqlSutdown event = MySQLShutdown13960
06/03 12:18:18 EasyPHP End EasyPHP...
06/03 12:27:52 EasyPHP EasyPHP Servers starting
06/03 12:27:53 EasyPHP Apache CreateProcess "C:\Users\hayde\DOCUME~1\GitHub\GP3-MICE\EASYPH~1\binaries\apache\bin\eds-httpd.exe"
06/03 12:27:53 EasyPHP CreateProcess "C:\Users\hayde\DOCUME~1\GitHub\GP3-MICE\EASYPH~1\binaries\mysql\bin\eds-mysqld.exe --defaults-file="C:\Users\hayde\DOCUME~1\GitHub\GP3-MICE\EASYPH~1\binaries\mysql\my.ini" --language=english"
06/03 12:27:58 EasyPHP EasyPHP Check version
06/03 12:32:51 EasyPHP EasyPHP Stop the servers
06/03 12:32:51 EasyPHP Apache stop event: ap9380_shutdown
06/03 12:32:51 EasyPHP MySqlSutdown event = MySQLShutdown6488
06/03 12:32:51 EasyPHP End EasyPHP...
06/03 13:00:20 EasyPHP EasyPHP Servers starting
06/03 13:00:21 EasyPHP Apache CreateProcess "C:\Users\hayde\DOCUME~1\GitHub\GP3-MICE\EASYPH~1\binaries\apache\bin\eds-httpd.exe"
06/03 13:00:21 EasyPHP CreateProcess "C:\Users\hayde\DOCUME~1\GitHub\GP3-MICE\EASYPH~1\binaries\mysql\bin\eds-mysqld.exe --defaults-file="C:\Users\hayde\DOCUME~1\GitHub\GP3-MICE\EASYPH~1\binaries\mysql\my.ini" --language=english"
06/03 13:00:26 EasyPHP EasyPHP Check version
06/03 13:23:56 EasyPHP EasyPHP Stop the servers
06/03 13:23:56 EasyPHP Apache stop event: ap12056_shutdown
06/03 13:23:56 EasyPHP MySqlSutdown event = MySQLShutdown3268
06/03 13:23:56 EasyPHP End EasyPHP...
06/03 15:31:33 EasyPHP EasyPHP Servers starting
06/03 15:31:34 EasyPHP Apache CreateProcess "C:\Users\hayde\DOCUME~1\GitHub\GP3-MICE\EASYPH~1\binaries\apache\bin\eds-httpd.exe"
06/03 15:31:34 EasyPHP CreateProcess "C:\Users\hayde\DOCUME~1\GitHub\GP3-MICE\EASYPH~1\binaries\mysql\bin\eds-mysqld.exe --defaults-file="C:\Users\hayde\DOCUME~1\GitHub\GP3-MICE\EASYPH~1\binaries\mysql\my.ini" --language=english"
06/03 15:31:39 EasyPHP EasyPHP Check version
06/03 15:38:26 EasyPHP EasyPHP Stop the servers
06/03 15:38:26 EasyPHP Apache stop event: ap2216_shutdown
06/03 15:38:27 EasyPHP MySqlSutdown event = MySQLShutdown9752
06/03 15:38:27 EasyPHP End EasyPHP...
06/03 19:21:19 EasyPHP EasyPHP Servers starting
06/03 19:21:20 EasyPHP Apache CreateProcess "C:\Users\Jason\DOCUME~1\GitHub\GP3-MICE\EASYPH~1\binaries\apache\bin\eds-httpd.exe"
06/03 19:21:20 EasyPHP CreateProcess "C:\Users\Jason\DOCUME~1\GitHub\GP3-MICE\EASYPH~1\binaries\mysql\bin\eds-mysqld.exe --defaults-file="C:\Users\Jason\DOCUME~1\GitHub\GP3-MICE\EASYPH~1\binaries\mysql\my.ini" --language=english"
06/03 19:21:25 EasyPHP EasyPHP Check version
06/03 19:21:59 EasyPHP EasyPHP Stop the servers
06/03 19:21:59 EasyPHP Apache stop event: ap9448_shutdown
06/03 19:22:00 EasyPHP MySqlSutdown event = MySQLShutdown8100
06/03 19:22:00 EasyPHP End EasyPHP...
11/03 08:17:07 EasyPHP EasyPHP Servers starting
11/03 08:17:09 EasyPHP Apache CreateProcess "C:\Users\Jason\DOCUME~1\GitHub\GP3-MICE\EASYPH~1\binaries\apache\bin\eds-httpd.exe"
11/03 08:17:09 EasyPHP CreateProcess "C:\Users\Jason\DOCUME~1\GitHub\GP3-MICE\EASYPH~1\binaries\mysql\bin\eds-mysqld.exe --defaults-file="C:\Users\Jason\DOCUME~1\GitHub\GP3-MICE\EASYPH~1\binaries\mysql\my.ini" --language=english"
11/03 08:17:14 EasyPHP EasyPHP Check version
11/03 08:40:36 EasyPHP EasyPHP Stop the servers
11/03 08:40:36 EasyPHP Apache stop event: ap3052_shutdown
11/03 08:40:37 EasyPHP MySqlSutdown event = MySQLShutdown3924
11/03 08:40:37 EasyPHP End EasyPHP...
11/03 09:22:05 EasyPHP EasyPHP Servers starting
11/03 09:22:06 EasyPHP Apache CreateProcess "C:\Users\Jason\DOCUME~1\GitHub\GP3-MICE\EASYPH~1\binaries\apache\bin\eds-httpd.exe"
11/03 09:22:06 EasyPHP CreateProcess "C:\Users\Jason\DOCUME~1\GitHub\GP3-MICE\EASYPH~1\binaries\mysql\bin\eds-mysqld.exe --defaults-file="C:\Users\Jason\DOCUME~1\GitHub\GP3-MICE\EASYPH~1\binaries\mysql\my.ini" --language=english"
11/03 09:22:11 EasyPHP EasyPHP Check version
11/03 09:59:12 EasyPHP EasyPHP Stop the servers
11/03 09:59:12 EasyPHP Apache stop event: ap8752_shutdown
11/03 09:59:13 EasyPHP MySqlSutdown event = MySQLShutdown5640
11/03 09:59:13 EasyPHP End EasyPHP...
